[    0.000000] Linux version 4.15.0-212-generic (buildd@lcy02-amd64-083) (gcc version 7.5.0 (Ubuntu 7.5.0-3ubuntu1~18.04)) #223-Ubuntu SMP Tue May 23 13:09:22 UTC 2023 (Ubuntu 4.15.0-212.223-generic 4.15.18)
[    0.000000] Command line: BOOT_IMAGE=/boot/vmlinuz-4.15.0-212-generic root=LABEL=cloudimg-rootfs ro console=tty1 console=ttyS0
[    0.000000] KERNEL supported cpus:
[    0.000000]   Intel GenuineIntel
[    0.000000]   AMD AuthenticAMD
[    0.000000]   Centaur CentaurHauls
[    0.000000] x86/fpu: Supporting XSAVE feature 0x001: 'x87 floating point registers'
[    0.000000] x86/fpu: Supporting XSAVE feature 0x002: 'SSE registers'
[    0.000000] x86/fpu: Supporting XSAVE feature 0x004: 'AVX registers'
[    0.000000] x86/fpu: xstate_offset[2]:  576, xstate_sizes[2]:  256
[    0.000000] x86/fpu: Enabled xstate features 0x7, context size is 832 bytes, using 'standard' format.
[    0.000000] e820: BIOS-provided physical RAM map:
[    0.000000] BIOS-e820: [mem 0x0000000000000000-0x000000000009fbff] usable
[    0.000000] BIOS-e820: [mem 0x000000000009fc00-0x000000000009ffff] reserved
[    0.000000] BIOS-e820: [mem 0x00000000000f0000-0x00000000000fffff] reserved
[    0.000000] BIOS-e820: [mem 0x0000000000100000-0x000000003ffeffff] usable
[    0.000000] BIOS-e820: [mem 0x000000003fff0000-0x000000003fffffff] ACPI data
[    0.000000] BIOS-e820: [mem 0x00000000fec00000-0x00000000fec00fff] reserved
[    0.000000] BIOS-e820: [mem 0x00000000fee00000-0x00000000fee00fff] reserved
[    0.000000] BIOS-e820: [mem 0x00000000fffc0000-0x00000000ffffffff] reserved
[    0.000000] NX (Execute Disable) protection: active
[    0.000000] SMBIOS 2.5 present.
[    0.000000] DMI: innotek GmbH VirtualBox/VirtualBox, BIOS VirtualBox 12/01/2006
[    0.000000] Hypervisor detected: KVM
[    0.000000] e820: last_pfn = 0x3fff0 max_arch_pfn = 0x400000000
[    0.000000] MTRR: Disabled
[    0.000000] x86/PAT: MTRRs disabled, skipping PAT initialization too.
[    0.000000] CPU MTRRs all blank - virtualized system.
[    0.000000] x86/PAT: Configuration [0-7]: WB  WT  UC- UC  WB  WT  UC- UC  
[    0.000000] found SMP MP-table at [mem 0x0009fff0-0x0009ffff]
[    0.000000] Scanning 1 areas for low memory corruption
[    0.000000] RAMDISK: [mem 0x359cb000-0x36cdcfff]
[    0.000000] ACPI: Early table checksum verification disabled
[    0.000000] ACPI: RSDP 0x00000000000E0000 000024 (v02 VBOX  )
[    0.000000] ACPI: XSDT 0x000000003FFF0030 00003C (v01 VBOX   VBOXXSDT 00000001 ASL  00000061)
[    0.000000] ACPI: FACP 0x000000003FFF00F0 0000F4 (v04 VBOX   VBOXFACP 00000001 ASL  00000061)
[    0.000000] ACPI: DSDT 0x000000003FFF0610 002353 (v02 VBOX   VBOXBIOS 00000002 INTL 20100528)
[    0.000000] ACPI: FACS 0x000000003FFF0200 000040
[    0.000000] ACPI: FACS 0x000000003FFF0200 000040
[    0.000000] ACPI: APIC 0x000000003FFF0240 00005C (v02 VBOX   VBOXAPIC 00000001 ASL  00000061)
[    0.000000] ACPI: SSDT 0x000000003FFF02A0 00036C (v01 VBOX   VBOXCPUT 00000002 INTL 20100528)
[    0.000000] ACPI: Reserving FACP table memory at [mem 0x3fff00f0-0x3fff01e3]
[    0.000000] ACPI: Reserving DSDT table memory at [mem 0x3fff0610-0x3fff2962]
[    0.000000] ACPI: Reserving FACS table memory at [mem 0x3fff0200-0x3fff023f]
[    0.000000] ACPI: Reserving FACS table memory at [mem 0x3fff0200-0x3fff023f]
[    0.000000] ACPI: Reserving APIC table memory at [mem 0x3fff0240-0x3fff029b]
[    0.000000] ACPI: Reserving SSDT table memory at [mem 0x3fff02a0-0x3fff060b]
[    0.000000] No NUMA configuration found
[    0.000000] Faking a node at [mem 0x0000000000000000-0x000000003ffeffff]
[    0.000000] NODE_DATA(0) allocated [mem 0x3ffc5000-0x3ffeffff]
[    0.000000] kvm-clock: cpu 0, msr 0:3ff44001, primary cpu clock
[    0.000000] kvm-clock: Using msrs 4b564d01 and 4b564d00
[    0.000000] kvm-clock: using sched offset of 3478748747 cycles
[    0.000000] clocksource: kvm-clock: mask: 0xffffffffffffffff max_cycles: 0x1cd42e4dffb, max_idle_ns: 881590591483 ns
[    0.000000] Zone ranges:
[    0.000000]   DMA      [mem 0x0000000000001000-0x0000000000ffffff]
[    0.000000]   DMA32    [mem 0x0000000001000000-0x000000003ffeffff]
[    0.000000]   Normal   empty
[    0.000000]   Device   empty
[    0.000000] Movable zone start for each node
[    0.000000] Early memory node ranges
[    0.000000]   node   0: [mem 0x0000000000001000-0x000000000009efff]
[    0.000000]   node   0: [mem 0x0000000000100000-0x000000003ffeffff]
[    0.000000] Reserved but unavailable: 104 pages
[    0.000000] Initmem setup node 0 [mem 0x0000000000001000-0x000000003ffeffff]
[    0.000000] ACPI: PM-Timer IO Port: 0x4008
[    0.000000] IOAPIC[0]: apic_id 2, version 32, address 0xfec00000, GSI 0-23
[    0.000000] ACPI: INT_SRC_OVR (bus 0 bus_irq 0 global_irq 2 dfl dfl)
[    0.000000] ACPI: INT_SRC_OVR (bus 0 bus_irq 9 global_irq 9 low level)
[    0.000000] Using ACPI (MADT) for SMP configuration information
[    0.000000] smpboot: Allowing 2 CPUs, 0 hotplug CPUs
[    0.000000] PM: Registered nosave memory: [mem 0x00000000-0x00000fff]
[    0.000000] PM: Registered nosave memory: [mem 0x0009f000-0x0009ffff]
[    0.000000] PM: Registered nosave memory: [mem 0x000a0000-0x000effff]
[    0.000000] PM: Registered nosave memory: [mem 0x000f0000-0x000fffff]
[    0.000000] e820: [mem 0x40000000-0xfebfffff] available for PCI devices
[    0.000000] Booting paravirtualized kernel on KVM
[    0.000000] clocksource: refined-jiffies: mask: 0xffffffff max_cycles: 0xffffffff, max_idle_ns: 7645519600211568 ns
[    0.000000] setup_percpu: NR_CPUS:8192 nr_cpumask_bits:2 nr_cpu_ids:2 nr_node_ids:1
[    0.000000] percpu: Embedded 50 pages/cpu s167936 r8192 d28672 u1048576
[    0.000000] PV qspinlock hash table entries: 256 (order: 0, 4096 bytes)
[    0.000000] Built 1 zonelists, mobility grouping on.  Total pages: 257913
[    0.000000] Policy zone: DMA32
[    0.000000] Kernel command line: BOOT_IMAGE=/boot/vmlinuz-4.15.0-212-generic root=LABEL=cloudimg-rootfs ro console=tty1 console=ttyS0
[    0.000000] Memory: 982644K/1048120K available (12300K kernel code, 2477K rwdata, 4324K rodata, 2480K init, 2720K bss, 65476K reserved, 0K cma-reserved)
[    0.000000] SLUB: HWalign=64, Order=0-3, MinObjects=0, CPUs=2, Nodes=1
[    0.000000] ftrace: allocating 39508 entries in 155 pages
[    0.004000] Hierarchical RCU implementation.
[    0.004000] 	RCU restricting CPUs from NR_CPUS=8192 to nr_cpu_ids=2.
[    0.004000] 	Tasks RCU enabled.
[    0.004000] RCU: Adjusting geometry for rcu_fanout_leaf=16, nr_cpu_ids=2
[    0.004000] NR_IRQS: 524544, nr_irqs: 440, preallocated irqs: 16
[    0.004000] random: crng init done
[    0.004000] Console: colour VGA+ 80x25
[    0.004000] console [tty1] enabled
[    0.004000] console [ttyS0] enabled
[    0.004000] ACPI: Core revision 20170831
[    0.004000] ACPI: 2 ACPI AML tables successfully acquired and loaded
[    0.004000] APIC: Switch to symmetric I/O mode setup
[    0.004000] x2apic enabled
[    0.004000] Switched APIC routing to physical x2apic.
[    0.004000] ..TIMER: vector=0x30 apic1=0 pin1=2 apic2=-1 pin2=-1
[    0.004000] tsc: Detected 3695.998 MHz processor
[    0.004000] Calibrating delay loop (skipped) preset value.. 7391.99 BogoMIPS (lpj=14783992)
[    0.004000] pid_max: default: 32768 minimum: 301
[    0.004019] Security Framework initialized
[    0.004428] Yama: becoming mindful.
[    0.004797] AppArmor: AppArmor initialized
[    0.008000] Dentry cache hash table entries: 131072 (order: 8, 1048576 bytes)
[    0.008039] Inode-cache hash table entries: 65536 (order: 7, 524288 bytes)
[    0.008691] Mount-cache hash table entries: 2048 (order: 2, 16384 bytes)
[    0.009319] Mountpoint-cache hash table entries: 2048 (order: 2, 16384 bytes)
[    0.010168] Last level iTLB entries: 4KB 64, 2MB 8, 4MB 8
[    0.010695] Last level dTLB entries: 4KB 64, 2MB 0, 4MB 0, 1GB 4
[    0.011271] Spectre V1 : Mitigation: usercopy/swapgs barriers and __user pointer sanitization
[    0.012002] Spectre V2 : Mitigation: Retpolines
[    0.012446] Spectre V2 : Spectre v2 / SpectreRSB mitigation: Filling RSB on context switch
[    0.013234] Spectre V2 : Spectre v2 / SpectreRSB : Filling RSB on VMEXIT
[    0.013886] RETBleed: WARNING: Spectre v2 mitigation leaves CPU vulnerable to RETBleed attacks, data leaks possible!
[    0.014859] RETBleed: Vulnerable
[    0.015188] Speculative Store Bypass: Vulnerable
[    0.016036] MMIO Stale Data: Vulnerable: Clear CPU buffers attempted, no microcode
[    0.016772] SRBDS: Unknown: Dependent on hypervisor status
[    0.017401] Freeing SMP alternatives memory: 36K
[    0.126258] smpboot: CPU0: Intel(R) Core(TM) i9-10900K CPU @ 3.70GHz (family: 0x6, model: 0xa5, stepping: 0x5)
[    0.127311] Performance Events: unsupported p6 CPU model 165 no PMU driver, software events only.
[    0.128000] Hierarchical SRCU implementation.
[    0.128000] NMI watchdog: Perf event create on CPU 0 failed with -2
[    0.128000] NMI watchdog: Perf NMI watchdog permanently disabled
[    0.128030] smp: Bringing up secondary CPUs ...
[    0.128537] x86: Booting SMP configuration:
[    0.128969] .... node  #0, CPUs:      #1
[    0.004000] kvm-clock: cpu 1, msr 0:3ff44041, secondary cpu clock
[    0.132012] smp: Brought up 1 node, 2 CPUs
[    0.132422] smpboot: Max logical packages: 1
[    0.132855] smpboot: Total of 2 processors activated (14783.99 BogoMIPS)
[    0.133563] devtmpfs: initialized
[    0.133563] x86/mm: Memory block size: 128MB
[    0.133563] evm: security.selinux
[    0.133563] evm: security.SMACK64
[    0.133608] evm: security.SMACK64EXEC
[    0.133980] evm: security.SMACK64TRANSMUTE
[    0.136003] evm: security.SMACK64MMAP
[    0.136383] evm: security.apparmor
[    0.136733] evm: security.ima
[    0.137045] evm: security.capability
[    0.137428] clocksource: jiffies: mask: 0xffffffff max_cycles: 0xffffffff, max_idle_ns: 7645041785100000 ns
[    0.137428] futex hash table entries: 512 (order: 3, 32768 bytes)
[    0.137544] pinctrl core: initialized pinctrl subsystem
[    0.140056] RTC time:  5:04:21, date: 10/04/24
[    0.144081] NET: Registered protocol family 16
[    0.144570] audit: initializing netlink subsys (disabled)
[    0.145112] audit: type=2000 audit(1728018266.863:1): state=initialized audit_enabled=0 res=1
[    0.148010] cpuidle: using governor ladder
[    0.148430] cpuidle: using governor menu
[    0.148856] ACPI: bus type PCI registered
[    0.149262] acpiphp: ACPI Hot Plug PCI Controller Driver version: 0.5
[    0.149919] PCI: Using configuration type 1 for base access
[    0.150481] HugeTLB registered 2.00 MiB page size, pre-allocated 0 pages
[    0.150481] ACPI: Added _OSI(Module Device)
[    0.152002] ACPI: Added _OSI(Processor Device)
[    0.152450] ACPI: Added _OSI(3.0 _SCP Extensions)
[    0.152915] ACPI: Added _OSI(Processor Aggregator Device)
[    0.153441] ACPI: Added _OSI(Linux-Dell-Video)
[    0.153881] ACPI: Added _OSI(Linux-Lenovo-NV-HDMI-Audio)
[    0.154396] ACPI: Added _OSI(Linux-HPI-Hybrid-Graphics)
[    0.155068] ACPI: Executed 1 blocks of module-level executable AML code
[    0.157187] ACPI: Interpreter enabled
[    0.157579] ACPI: (supports S0 S5)
[    0.157936] ACPI: Using IOAPIC for interrupt routing
[    0.158554] PCI: Using host bridge windows from ACPI; if necessary, use "pci=nocrs" and report a bug
[    0.160101] ACPI: Enabled 2 GPEs in block 00 to 07
[    0.164471] ACPI: PCI Root Bridge [PCI0] (domain 0000 [bus 00-ff])
[    0.165073] acpi PNP0A03:00: _OSC: OS supports [ASPM ClockPM Segments MSI]
[    0.166004] acpi PNP0A03:00: _OSC: not requesting OS control; OS requires [ExtendedConfig ASPM ClockPM MSI]
[    0.167006] acpi PNP0A03:00: fail to add MMCONFIG information, can't access extended PCI configuration space under this bridge.
[    0.168224] PCI host bridge to bus 0000:00
[    0.168650] pci_bus 0000:00: root bus resource [io  0x0000-0x0cf7 window]
[    0.169702] pci_bus 0000:00: root bus resource [io  0x0d00-0xffff window]
[    0.170349] pci_bus 0000:00: root bus resource [mem 0x000a0000-0x000bffff window]
[    0.171082] pci_bus 0000:00: root bus resource [mem 0x40000000-0xfdffffff window]
[    0.171833] pci_bus 0000:00: root bus resource [bus 00-ff]
[    0.173068] pci 0000:00:01.1: legacy IDE quirk: reg 0x10: [io  0x01f0-0x01f7]
[    0.173746] pci 0000:00:01.1: legacy IDE quirk: reg 0x14: [io  0x03f6]
[    0.174371] pci 0000:00:01.1: legacy IDE quirk: reg 0x18: [io  0x0170-0x0177]
[    0.175041] pci 0000:00:01.1: legacy IDE quirk: reg 0x1c: [io  0x0376]
[    0.182613] pci 0000:00:07.0: quirk: [io  0x4000-0x403f] claimed by PIIX4 ACPI
[    0.183346] pci 0000:00:07.0: quirk: [io  0x4100-0x410f] claimed by PIIX4 SMB
[    0.186634] ACPI: PCI Interrupt Link [LNKA] (IRQs 5 9 10 *11)
[    0.187404] ACPI: PCI Interrupt Link [LNKB] (IRQs 5 9 *10 11)
[    0.188053] ACPI: PCI Interrupt Link [LNKC] (IRQs 5 *9 10 11)
[    0.188688] ACPI: PCI Interrupt Link [LNKD] (IRQs 5 9 10 *11)
[    0.189468] SCSI subsystem initialized
[    0.189880] pci 0000:00:02.0: vgaarb: setting as boot VGA device
[    0.189880] pci 0000:00:02.0: vgaarb: VGA device added: decodes=io+mem,owns=io+mem,locks=none
[    0.189880] pci 0000:00:02.0: vgaarb: bridge control possible
[    0.189978] vgaarb: loaded
[    0.192021] ACPI: bus type USB registered
[    0.192444] usbcore: registered new interface driver usbfs
[    0.192977] usbcore: registered new interface driver hub
[    0.193496] usbcore: registered new device driver usb
[    0.194019] EDAC MC: Ver: 3.0.0
[    0.194019] PCI: Using ACPI for IRQ routing
[    0.194019] NetLabel: Initializing
[    0.194019] NetLabel:  domain hash size = 128
[    0.196002] NetLabel:  protocols = UNLABELED CIPSOv4 CALIPSO
[    0.196568] NetLabel:  unlabeled traffic allowed by default
[    0.197121] clocksource: Switched to clocksource kvm-clock
[    0.218109] VFS: Disk quotas dquot_6.6.0
[    0.218607] VFS: Dquot-cache hash table entries: 512 (order 0, 4096 bytes)
[    0.219321] AppArmor: AppArmor Filesystem Enabled
[    0.219804] pnp: PnP ACPI init
[    0.220754] pnp: PnP ACPI: found 3 devices
[    0.227607] clocksource: acpi_pm: mask: 0xffffff max_cycles: 0xffffff, max_idle_ns: 2085701024 ns
[    0.228521] NET: Registered protocol family 2
[    0.228983] IP idents hash table entries: 16384 (order: 5, 131072 bytes)
[    0.234920] TCP established hash table entries: 8192 (order: 4, 65536 bytes)
[    0.235627] TCP bind hash table entries: 8192 (order: 5, 131072 bytes)
[    0.236272] TCP: Hash tables configured (established 8192 bind 8192)
[    0.236894] UDP hash table entries: 512 (order: 2, 16384 bytes)
[    0.237461] UDP-Lite hash table entries: 512 (order: 2, 16384 bytes)
[    0.238080] NET: Registered protocol family 1
[    0.238530] pci 0000:00:00.0: Limiting direct PCI/PCI transfers
[    0.239103] pci 0000:00:01.0: Activating ISA DMA hang workarounds
[    0.239704] pci 0000:00:02.0: Video device with shadowed ROM at [mem 0x000c0000-0x000dffff]
[    0.240657] Unpacking initramfs...
[    0.575089] Freeing initrd memory: 19528K
[    0.575584] clocksource: tsc: mask: 0xffffffffffffffff max_cycles: 0x6a8d2284b57, max_idle_ns: 881590451434 ns
[    0.576579] platform rtc_cmos: registered platform RTC device (no PNP device found)
[    0.577340] Scanning for low memory corruption every 60 seconds
[    0.578279] Initialise system trusted keyrings
[    0.578733] Key type blacklist registered
[    0.579174] workingset: timestamp_bits=36 max_order=18 bucket_order=0
[    0.580340] zbud: loaded
[    0.580933] squashfs: version 4.0 (2009/01/31) Phillip Lougher
[    0.581595] fuse init (API version 7.26)
[    0.583003] Key type asymmetric registered
[    0.583453] Asymmetric key parser 'x509' registered
[    0.583949] Block layer SCSI generic (bsg) driver version 0.4 loaded (major 246)
[    0.584711] io scheduler noop registered
[    0.585112] io scheduler deadline registered
[    0.585559] io scheduler cfq registered (default)
[    0.586180] ACPI: AC Adapter [AC] (on-line)
[    0.586634] input: Power Button as /devices/LNXSYSTM:00/LNXPWRBN:00/input/input0
[    0.587390] ACPI: Power Button [PWRF]
[    0.587804] input: Sleep Button as /devices/LNXSYSTM:00/LNXSLPBN:00/input/input1
[    0.588561] ACPI: Sleep Button [SLPF]
[    0.589143] Serial: 8250/16550 driver, 32 ports, IRQ sharing enabled
[    0.610139] 00:02: ttyS0 at I/O 0x3f8 (irq = 4, base_baud = 115200) is a 16550A
[    0.612381] Linux agpgart interface v0.103
[    0.619916] loop: module loaded
[    0.620617] scsi host0: ata_piix
[    0.621034] scsi host1: ata_piix
[    0.621389] ata1: PATA max UDMA/33 cmd 0x1f0 ctl 0x3f6 bmdma 0xd000 irq 14
[    0.622052] ata2: PATA max UDMA/33 cmd 0x170 ctl 0x376 bmdma 0xd008 irq 15
[    0.623035] tun: Universal TUN/TAP device driver, 1.6
[    0.623578] PPP generic driver version 2.4.2
[    0.624067] ehci_hcd: USB 2.0 'Enhanced' Host Controller (EHCI) Driver
[    0.624709] ehci-pci: EHCI PCI platform driver
[    0.625186] ehci-platform: EHCI generic platform driver
[    0.625710] ohci_hcd: USB 1.1 'Open' Host Controller (OHCI) Driver
[    0.626303] ohci-pci: OHCI PCI platform driver
[    0.626750] ohci-platform: OHCI generic platform driver
[    0.627272] uhci_hcd: USB Universal Host Controller Interface driver
[    0.627915] i8042: PNP: PS/2 Controller [PNP0303:PS2K,PNP0f03:PS2M] at 0x60,0x64 irq 1,12
[    0.629061] serio: i8042 KBD port at 0x60,0x64 irq 1
[    0.629571] serio: i8042 AUX port at 0x60,0x64 irq 12
[    0.630173] mousedev: PS/2 mouse device common for all mice
[    0.631040] input: AT Translated Set 2 keyboard as /devices/platform/i8042/serio0/input/input2
[    0.632002] rtc_cmos rtc_cmos: rtc core: registered rtc_cmos as rtc0
[    0.632663] rtc_cmos rtc_cmos: alarms up to one day, 114 bytes nvram
[    0.633273] i2c /dev entries driver
[    0.633666] device-mapper: uevent: version 1.0.3
[    0.634180] device-mapper: ioctl: 4.37.0-ioctl (2017-09-20) initialised: dm-devel@redhat.com
[    0.635021] ledtrig-cpu: registered to indicate activity on CPUs
[    0.635826] NET: Registered protocol family 10
[    0.638106] Segment Routing with IPv6
[    0.638497] NET: Registered protocol family 17
[    0.638972] Key type dns_resolver registered
[    0.639498] mce: Using 0 MCE banks
[    0.639867] RAS: Correctable Errors collector initialized.
[    0.640432] sched_clock: Marking stable (640413238, 0)->(744193732, -103780494)
[    0.641365] registered taskstats version 1
[    0.641786] Loading compiled-in X.509 certificates
[    0.643401] Loaded X.509 cert 'Build time autogenerated kernel key: b5b26778eaa3ab3a4a6cee031137706e947d12ad'
[    0.644694] Loaded X.509 cert 'Canonical Ltd. Live Patch Signing: 14df34d1a87cf37625abec039ef2bf521249b969'
[    0.645951] Loaded X.509 cert 'Canonical Ltd. Kernel Module Signing: 88f752e560a1e0737e31163a466ad7b70a850c19'
[    0.646902] blacklist: Loading compiled-in revocation X.509 certificates
[    0.647547] Loaded X.509 cert 'Canonical Ltd. Secure Boot Signing: 61482aa2830d0ab2ad5af10b7250da9033ddcef0'
[    0.648519] Loaded X.509 cert 'Canonical Ltd. Secure Boot Signing (2017): 242ade75ac4a15e50d50c84b0d45ff3eae707a03'
[    0.649522] Loaded X.509 cert 'Canonical Ltd. Secure Boot Signing (ESM 2018): 365188c1d374d6b07c3c8f240f8ef722433d6a8b'
[    0.650552] Loaded X.509 cert 'Canonical Ltd. Secure Boot Signing (2019): c0746fd6c5da3ae827864651ad66ae47fe24b3e8'
[    0.651565] Loaded X.509 cert 'Canonical Ltd. Secure Boot Signing (2021 v1): a8d54bbb3825cfb94fa13c9f8a594a195c107b8d'
[    0.652599] Loaded X.509 cert 'Canonical Ltd. Secure Boot Signing (2021 v2): 4cf046892d6fd3c9a5b03f98d845f90851dc6a8c'
[    0.653617] Loaded X.509 cert 'Canonical Ltd. Secure Boot Signing (2021 v3): 100437bb6de6e469b581e61cd66bce3ef4ed53af'
[    0.654633] Loaded X.509 cert 'Canonical Ltd. Secure Boot Signing (Ubuntu Core 2019): c1d57b8f6b743f23ee41f4f7ee292f06eecadfb9'
[    0.655725] zswap: loaded using pool lzo/zbud
[    0.657803] Key type big_key registered
[    0.658205] Key type trusted registered
[    0.659467] Key type encrypted registered
[    0.659882] AppArmor: AppArmor sha1 policy hashing enabled
[    0.660448] ima: No TPM chip found, activating TPM-bypass! (rc=-19)
[    0.661049] ima: Allocated hash algorithm: sha1
[    0.661506] evm: HMAC attrs: 0x1
[    0.661968]   Magic number: 12:365:61
[    0.662402] rtc_cmos rtc_cmos: setting system clock to 2024-10-04 05:04:22 UTC (1728018262)
[    0.663276] BIOS EDD facility v0.16 2004-Jun-25, 0 devices found
[    0.663857] EDD information not available.
[    0.803548] Freeing unused kernel image memory: 2480K
[    1.417558] Write protecting the kernel read-only data: 20480k
[    1.418619] Freeing unused kernel image memory: 2008K
[    1.419547] Freeing unused kernel image memory: 1820K
[    1.425264] x86/mm: Checked W+X mappings: passed, no W+X pages found.
Loading, please wait...
starting version 237
[    1.458102] e1000: Intel(R) PRO/1000 Network Driver - version 7.3.21-k8-NAPI
[    1.458803] e1000: Copyright (c) 1999-2006 Intel Corporation.
[    1.463442] Fusion MPT base driver 3.04.20
[    1.463869] Copyright (c) 1999-2008 LSI Corporation
[    1.487347] Fusion MPT SPI Host driver 3.04.20
[    1.487898] AVX2 version of gcm_enc/dec engaged.
[    1.488385] AES CTR mode by8 optimization enabled
[    1.673562] input: ImExPS/2 Generic Explorer Mouse as /devices/platform/i8042/serio1/input/input4
[    1.794514] e1000 0000:00:03.0 eth0: (PCI:33MHz:32-bit) 02:3b:7b:b7:3b:2d
[    1.795194] e1000 0000:00:03.0 eth0: Intel(R) PRO/1000 Network Connection
[    1.796415] mptbase: ioc0: Initiating bringup
[    1.796544] e1000 0000:00:03.0 enp0s3: renamed from eth0
[    1.912120] ioc0: LSI53C1030 A0: Capabilities={Initiator}
[    2.153645] scsi host2: ioc0: LSI53C1030 A0, FwRev=00000000h, Ports=1, MaxQ=256, IRQ=20
[    2.320447] scsi 2:0:0:0: Direct-Access     VBOX     HARDDISK         1.0  PQ: 0 ANSI: 5
[    2.352738] scsi target2:0:0: Beginning Domain Validation
[    2.353911] scsi target2:0:0: Domain Validation skipping write tests
[    2.354534] scsi target2:0:0: Ending Domain Validation
[    2.355069] scsi target2:0:0: asynchronous
[    2.355798] scsi 2:0:1:0: Direct-Access     VBOX     HARDDISK         1.0  PQ: 0 ANSI: 5
[    2.388413] scsi target2:0:1: Beginning Domain Validation
[    2.389502] scsi target2:0:1: Domain Validation skipping write tests
[    2.390123] scsi target2:0:1: Ending Domain Validation
[    2.390663] scsi target2:0:1: asynchronous
[    2.393142] sd 2:0:0:0: Attached scsi generic sg0 type 0
[    2.393257] sd 2:0:0:0: [sda] 83886080 512-byte logical blocks: (42.9 GB/40.0 GiB)
[    2.393772] sd 2:0:1:0: Attached scsi generic sg1 type 0
[    2.394635] sd 2:0:0:0: [sda] Write Protect is off
[    2.395551] sd 2:0:1:0: [sdb] 20480 512-byte logical blocks: (10.5 MB/10.0 MiB)
[    2.395579] sd 2:0:0:0: [sda] Incomplete mode parameter data
[    2.396864] sd 2:0:0:0: [sda] Assuming drive cache: write through
[    2.396871] sd 2:0:1:0: [sdb] Write Protect is off
[    2.398085] sd 2:0:1:0: [sdb] Incomplete mode parameter data
[    2.398647] sd 2:0:1:0: [sdb] Assuming drive cache: write through
[    2.398855]  sda: sda1
[    2.400025] sd 2:0:0:0: [sda] Attached SCSI disk
[    2.401086] sd 2:0:1:0: [sdb] Attached SCSI disk
Begin: Loading essential drivers ... [    3.744467] raid6: sse2x1   gen() 16793 MB/s
[    3.792012] raid6: sse2x1   xor()  9810 MB/s
[    3.840482] raid6: sse2x2   gen() 20369 MB/s
[    3.888893] raid6: sse2x2   xor() 13459 MB/s
[    3.937308] raid6: sse2x4   gen() 22182 MB/s
[    3.984796] raid6: sse2x4   xor() 13597 MB/s
[    4.032373] raid6: avx2x1   gen() 33684 MB/s
[    4.080662] raid6: avx2x1   xor() 19644 MB/s
[    4.128537] raid6: avx2x2   gen() 39466 MB/s
[    4.176407] raid6: avx2x2   xor() 25911 MB/s
[    4.225304] raid6: avx2x4   gen() 44592 MB/s
[    4.272313] raid6: avx2x4   xor() 26335 MB/s
[    4.272777] raid6: using algorithm avx2x4 gen() 44592 MB/s
[    4.273310] raid6: .... xor() 26335 MB/s, rmw enabled
[    4.273805] raid6: using avx2x2 recovery algorithm
[    4.274908] xor: automatically using best checksumming function   avx       
[    4.276160] async_tx: api initialized (async)
done.
Begin: Running /scripts/init-premount ... done.
Begin: Mounting root file system ... Begin: Running /scripts/local-top ... done.
Begin: Running /scripts/local-premount ... [    4.302552] Btrfs loaded, crc32c=crc32c-intel
Scanning for Btrfs filesystems
done.
Warning: fsck not present, so skipping root file system
[    4.334970] EXT4-fs (sda1): mounted filesystem with ordered data mode. Opts: (null)
done.
Begin: Running /scripts/local-bottom ... done.
Begin: Running /scripts/init-bottom ... done.
[    5.002273] ip_tables: (C) 2000-2006 Netfilter Core Team
[    5.061197] systemd[1]: systemd 237 running in system mode. (+PAM +AUDIT +SELINUX +IMA +APPARMOR +SMACK +SYSVINIT +UTMP +LIBCRYPTSETUP +GCRYPT +GNUTLS +ACL +XZ +LZ4 +SECCOMP +BLKID +ELFUTILS +KMOD -IDN2 +IDN -PCRE2 default-hierarchy=hybrid)
[    5.063284] systemd[1]: Detected virtualization oracle.
[    5.063801] systemd[1]: Detected architecture x86-64.

Welcome to [1mUbuntu 18.04.6 LTS[0m!

[    5.076268] systemd[1]: Set hostname to <ubuntu>.
[    5.079213] systemd[1]: Initializing machine ID from random generator.
[    5.079864] systemd[1]: Installed transient /etc/machine-id file.
[    6.184768] systemd[1]: Reached target Swap.
[[0;32m  OK  [0m] Reached target Swap.
[    6.185600] systemd[1]: Reached target User and Group Name Lookups.
[[0;32m  OK  [0m] Reached target User and Group Name Lookups.
[    6.187369] systemd[1]: Created slice System Slice.
[[0;32m  OK  [0m] Created slice System Slice.
[    6.188207] systemd[1]: Listening on udev Kernel Socket.
[[0;32m  OK  [0m] Listening on udev Kernel Socket.
[[0;32m  OK  [0m] Listening on /dev/initctl Compatibility Named Pipe.
[[0;32m  OK  [0m] Created slice system-serial\x2dgetty.slice.
[[0;32m  OK  [0m] Listening on Journal Socket.
         Mounting POSIX Message Queue File System...
         Starting Uncomplicated firewall...
         Starting Load Kernel Modules...
         Starting Create list of required st…ce nodes for the current kernel...
[[0;32m  OK  [0m] Listening on Journal Audit Socket.
[[0;32m  OK  [0m] Listening on Syslog Socket.
[[0;32m  OK  [0m] Listening on LVM2 metadata daemon socket.
         Starting Set the console keyboard layout...
[[0;32m  OK  [0m] Listening on fsck to fsckd communication Socket.
[[0;32m  OK  [0m] Set up automount Arbitrary Executab…rmats File System Automount Point.
[[0;32m  OK  [0m] Reached target System Time Synchronized.
[[0;32m  OK  [0m] Listening on Device-mapper event daemon FIFOs.
[[0;32m  OK  [0m] Listening on Journal Socket (/dev/log).
         Mounting Kernel Debug File System...
[[0;32m  OK  [0m] Listening on udev Control Socket.
         Starting udev Coldplug all Devices...
         Starting Journal Service...
[[0;32m  OK  [0m] Reached target Mounting snaps.
[[0;32m  OK  [0m] Reached target Mounted snaps.
[[0;32m  OK  [0m] Listening on LVM2 poll daemon socket.
[[0;32m  OK  [0m] Started Forward Password Requests to Wall Directory Watch.
         Starting Monitoring of LVM2 mirrors…ng dmeventd or progress polling...
         Mounting Huge Pages File System...
[[0;32m  OK  [0m] Created slice User and Session Slice.
[[0;32m  OK  [0m] Reached target Slices.
[[0;32m  OK  [0m] Listening on Network Service Netlink Socket.
         Starting File System Check on Root Device...
[[0;32m  OK  [0m] Started Uncomplicated firewall.
[    6.295165] Loading iSCSI transport class v2.0-870.
[[0;32m  OK  [0m] Started Create list of required sta…vice nodes for the current kernel.
         Starting Create Static Device Nodes in /dev...
[[0;32m  OK  [0m] Started udev Coldplug all Devices.
[[0;32m  OK  [0m] Started Journal Service.
[[0;32m  OK  [0m] Started File System Check Daemon to report status.
[[0;32m  OK  [0m] Mounted POSIX Message Queue File System.
[[0;32m  OK  [0m] Mounted Huge Pages File System.
[[0;32m  OK  [0m] Mounted Kernel Debug File System.
[[0;32m  OK  [0m] Started File System Check on Root Device.
         Starting Remount Root and Kernel File Systems...
[[0;32m  OK  [0m] Started LVM2 metadata daemon.
[    6.481896] iscsi: registered transport (tcp)
[    6.634896] EXT4-fs (sda1): re-mounted. Opts: (null)
[[0;32m  OK  [0m] Started Remount Root and Kernel File Systems.
[    6.640778] iscsi: registered transport (iser)
         Starting Load/Save Random Seed...
         Starting Flush Journal to Persistent Storage...
[[0;32m  OK  [0m] Started Load Kernel Modules.
[[0;32m  OK  [0m] Started Monitoring of LVM2 mirrors,…sing dmeventd or progress polling.
[[0;32m  OK  [0m] Started Create Static Device Nodes in /dev.
         Starting udev Kernel Device Manager...
         Mounting FUSE Control File System...
         Starting Apply Kernel Variables...
         Mounting Kernel Configuration File System...
[[0;32m  OK  [0m] Mounted FUSE Control File System.
[[0;32m  OK  [0m] Mounted Kernel Configuration File System.
[[0;32m  OK  [0m] Started Load/Save Random Seed.
[    6.758055] systemd-journald[412]: Received request to flush runtime journal from PID 1
[[0;32m  OK  [0m] Started udev Kernel Device Manager.
[[0;32m  OK  [0m] Started Apply Kernel Variables.
[[0;32m  OK  [0m] Started Flush Journal to Persistent Storage.
[[0;32m  OK  [0m] Found device /dev/ttyS0.
[[0;32m  OK  [0m] Listening on Load/Save RF Kill Switch Status /dev/rfkill Watch.
         Mounting Arbitrary Executable File Formats File System...
[[0;32m  OK  [0m] Mounted Arbitrary Executable File Formats File System.
[[0;32m  OK  [0m] Started Set the console keyboard layout.
[[0;32m  OK  [0m] Reached target Local File Systems (Pre).
[[0;32m  OK  [0m] Reached target Local File Systems.
         Starting Commit a transient machine-id on disk...
         Starting Tell Plymouth To Write Out Runtime Data...
         Starting Create Volatile Files and Directories...
         Starting Set console font and keymap...
         Starting AppArmor initialization...
         Starting ebtables ruleset management...
[[0;32m  OK  [0m] Started Dispatch Password Requests to Console Directory Watch.
[[0;32m  OK  [0m] Reached target Local Encrypted Volumes.
[[0;32m  OK  [0m] Started Tell Plymouth To Write Out Runtime Data.
[[0;32m  OK  [0m] Started Create Volatile Files and Directories.
         Starting Update UTMP about System Boot/Shutdown...
[[0;32m  OK  [0m] Started Update UTMP about System Boot/Shutdown.
[[0;32m  OK  [0m] Started Commit a transient machine-id on disk.
[[0;32m  OK  [0m] Started ebtables ruleset management.
[[0;32m  OK  [0m] Started Set console font and keymap.
[[0;32m  OK  [0m] Started AppArmor initialization.
         Starting Load AppArmor profiles managed internally by snapd...
         Starting Initial cloud-init job (pre-networking)...
[[0;32m  OK  [0m] Started Load AppArmor profiles managed internally by snapd.
[   11.290843] cloud-init[814]: Cloud-init v. 23.1.2-0ubuntu0~18.04.1 running 'init-local' at Fri, 04 Oct 2024 05:04:32 +0000. Up 10.91 seconds.
[[0;32m  OK  [0m] Started Initial cloud-init job (pre-networking).
[[0;32m  OK  [0m] Reached target Network (Pre).
         Starting Network Service...
[[0;32m  OK  [0m] Started Network Service.
         Starting Network Name Resolution...
         Starting Wait for Network to be Configured...
[[0;32m  OK  [0m] Started Network Name Resolution.
[[0;32m  OK  [0m] Reached target Network.
[[0;32m  OK  [0m] Reached target Host and Network Name Lookups.
[[0;32m  OK  [0m] Started Wait for Network to be Configured.
         Starting Initial cloud-init job (metadata service crawler)...
[   12.860521] cloud-init[965]: Cloud-init v. 23.1.2-0ubuntu0~18.04.1 running 'init' at Fri, 04 Oct 2024 05:04:34 +0000. Up 12.76 seconds.
[   12.861427] cloud-init[965]: ci-info: ++++++++++++++++++++++++++++++++++++++Net device info++++++++++++++++++++++++++++++++++++++
[   12.862214] cloud-init[965]: ci-info: +--------+------+----------------------------+---------------+--------+-------------------+
[   12.863009] cloud-init[965]: ci-info: | Device |  Up  |          Address           |      Mask     | Scope  |     Hw-Address    |
[   12.863768] cloud-init[965]: ci-info: +--------+------+----------------------------+---------------+--------+-------------------+
[   12.864542] cloud-init[965]: ci-info: | enp0s3 | True |         10.0.2.15          | 255.255.255.0 | global | 02:3b:7b:b7:3b:2d |
[   12.865321] cloud-init[965]: ci-info: | enp0s3 | True | fe80::3b:7bff:feb7:3b2d/64 |       .       |  link  | 02:3b:7b:b7:3b:2d |
[   12.866134] cloud-init[965]: ci-info: |   lo   | True |         127.0.0.1          |   255.0.0.0   |  host  |         .         |
[   12.866914] cloud-init[965]: ci-info: |   lo   | True |          ::1/128           |       .       |  host  |         .         |
[   12.867700] cloud-init[965]: ci-info: +--------+------+----------------------------+---------------+--------+-------------------+
[   12.868484] cloud-init[965]: ci-info: ++++++++++++++++++++++++++++Route IPv4 info+++++++++++++++++++++++++++++
[   12.869163] cloud-init[965]: ci-info: +-------+-------------+----------+-----------------+-----------+-------+
[   12.869850] cloud-init[965]: ci-info: | Route | Destination | Gateway  |     Genmask     | Interface | Flags |
[   12.870526] cloud-init[965]: ci-info: +-------+-------------+----------+-----------------+-----------+-------+
[   12.880107] cloud-init[965]: ci-info: |   0   |   0.0.0.0   | 10.0.2.2 |     0.0.0.0     |   enp0s3  |   UG  |
[   12.880788] cloud-init[965]: ci-info: |   1   |   10.0.2.0  | 0.0.0.0  |  255.255.255.0  |   enp0s3  |   U   |
[   12.881438] cloud-init[965]: ci-info: |   2   |   10.0.2.2  | 0.0.0.0  | 255.255.255.255 |   enp0s3  |   UH  |
[   12.882126] cloud-init[965]: ci-info: +-------+-------------+----------+-----------------+-----------+-------+
[   12.882810] cloud-init[965]: ci-info: +++++++++++++++++++Route IPv6 info+++++++++++++++++++
[   12.883403] cloud-init[965]: ci-info: +-------+-------------+---------+-----------+-------+
[   12.884047] cloud-init[965]: ci-info: | Route | Destination | Gateway | Interface | Flags |
[   12.884649] cloud-init[965]: ci-info: +-------+-------------+---------+-----------+-------+
[   12.885225] cloud-init[965]: ci-info: |   1   |  fe80::/64  |    ::   |   enp0s3  |   U   |
[   12.885775] cloud-init[965]: ci-info: |   3   |    local    |    ::   |   enp0s3  |   U   |
[   12.886348] cloud-init[965]: ci-info: |   4   |   ff00::/8  |    ::   |   enp0s3  |   U   |
[   12.886863] cloud-init[965]: ci-info: +-------+-------------+---------+-----------+-------+
[   14.304672] cloud-init[965]: Generating public/private rsa key pair.
[   14.305193] cloud-init[965]: Your identification has been saved in /etc/ssh/ssh_host_rsa_key.
[   14.305817] cloud-init[965]: Your public key has been saved in /etc/ssh/ssh_host_rsa_key.pub.
[   14.306429] cloud-init[965]: The key fingerprint is:
[   14.306822] cloud-init[965]: SHA256:WIQ2SqF16VNQhERLC54MB7tRzb3P2WVsB7SQ3ULUhBU root@ubuntu-bionic
[   14.307450] cloud-init[965]: The key's randomart image is:
[   14.307839] cloud-init[965]: +---[RSA 2048]----+
[   14.308211] cloud-init[965]: |  o.***O+   .*+E+|
[[0;32m  OK  [0m] Started Initial cloud-init job (metadata service crawler).
[[0;32m  OK  [0m] Reached target Network is Online.
[   14.333012] cloud-init[965]: |   X.=O+o   ..=.o|
[   14.334271] cloud-init[965]: |  +.++oo..   ..o |
         Starting Availability of block devices...
[[0;32m  OK  [0m] Reached target Remote File Systems (Pre).
[[0;32m  OK  [0m] Reached target Remote File Systems.
[[0;32m  OK  [0m] Reached target Cloud-config availability.
[[0;32m  OK  [0m] Reached target System Initialization.
[[0;32m  OK  [0m] Listening on ACPID Listen Socket.
[[0;32m  OK  [0m] Started Message of the Day.
[[0;32m  OK  [0m] Listening on cloud-init hotplug hook socket.
[[0;32m  OK  [0m] Started Daily Cleanup of Temporary Directories.
[[0;32m  OK  [0m] Started Daily apt download activities.
[[0;32m  OK  [0m] Listening on Open-iSCSI iscsid Socket.
[[0;32m  OK  [0m] Started Discard unused blocks once a week.
         Starting LXD - unix socket.
[   14.338839] cloud-init[965]: |   o. oo.     = .|
[   14.343552] cloud-init[965]: |  .   ..So o + . |
[[0;32m  OK  [0m] Started ACPI Events Check.
[[0;32m  OK  [0m] Reached target Paths.
[[0;32m  OK  [0m] Started Daily apt upgrade and clean activities.
[[0;32m  OK  [0m] Listening on D-Bus System Message Bus Socket.
[[0;32m  OK  [0m] Started Ubuntu Advantage Timer for running repeated jobs.
[[0;32m  OK  [0m] Reached target Timers.
         Starting Socket activation for snappy daemon.
[[0;32m  OK  [0m] Listening on UUID daemon activation socket.
[[0;32m  OK  [0m] Started Availability of block devices.
[   14.343992] cloud-init[965]: |          + .    |[[0;32m  OK  [0m] Listening on Socket activation for snappy daemon.
[[0;32m  OK  [0m] Listening on LXD - unix socket.
[[0;32m  OK  [0m] Reached target Sockets.
[[0;32m  OK  [0m] Reached target Basic System.

[[0;32m  OK  [0m] Started irqbalance daemon.
[   14.351301] cloud-init[965]: |                 |
[[0;32m  OK  [0m] Started FUSE filesystem for LXC.
[[0;32m  OK  [0m] Reached target Login Prompts (Pre).
[   14.353074] cloud-init[965]: |                 |         Starting Permit User Sessions...

[   14.353974] cloud-init[965]:          Starting LXD - container startup/shutdown...
|                 |         Starting Virtualbox guest utils...
         Starting Login Service...
[[0;32m  OK  [0m] Started D-Bus System Message Bus.

[   14.358594] cloud-init[965]: +----[SHA256]-----+
[   14.359038] cloud-init[965]: Generating public/private dsa key pair.
[   14.359574] cloud-init[965]: Your identification has been saved in /etc/ssh/ssh_host_dsa_key.
[   14.362785] cloud-init[965]: Your public key has been saved in /etc/ssh/ssh_host_dsa_key.pub.
[   14.363446] cloud-init[965]: The key fingerprint is:
[   14.363914] cloud-init[965]: SHA256:JFamQ1qBYOZM4auv6bN/MkooiJ/cA9Ungp/T0ZxDMnE root@ubuntu-bionic
[   14.365063] cloud-init[965]: The key's randomart image is:
[   14.365560] cloud-init[965]: +---[DSA 1024]----+
[   14.366322] cloud-init[965]: |  *o .=oE        |
[   14.366777] cloud-init[965]: | B  .+o=.        |
[   14.367218] cloud-init[965]: |  +...=*..       |
[   14.367823] cloud-init[965]: |  ..o.++*        |
[   14.368322] cloud-init[965]: |  .o + +S.       |
[   14.368950] cloud-init[965]: |+.. + .          |
[   14.369550] cloud-init[965]: |*. . .           |
[   14.370158] cloud-init[965]: |o* =..           |
[   14.370776] cloud-init[965]: |+=X.=.           |
[   14.371375] cloud-init[965]: +----[SHA256]-----+
[   14.371963] cloud-init[965]: Generating public/private ecdsa key pair.
[   14.373296] cloud-init[965]: Your identification has been saved in /etc/ssh/ssh_host_ecdsa_key.
[   14.374006] cloud-init[965]: Your public key has been saved in /etc/ssh/ssh_host_ecdsa_key.pub.
[   14.374688] cloud-init[965]: The key fingerprint is:
[   14.375177] cloud-init[965]: SHA256:BleU0CJE9q804SGQZWFAoOaNpci45g3jibdHmWv8ZPU root@ubuntu-bionic
[   14.375893] cloud-init[965]: The key's randomart image is:
[   14.376400] cloud-init[965]: +---[ECDSA 256]---+
[   14.376910] cloud-init[965]: |  .o+*O..+o.     |
[   14.377354] cloud-init[965]: | .  .=....o      |
[   14.377804] cloud-init[965]: |.. .  o.=.       |
[   14.378248] cloud-init[965]: |* =    = +       |
[   14.378690] cloud-init[965]: |o= . o  S .      |
[   14.379127] cloud-init[965]: | .  +  + +       |
[   14.379564] cloud-init[965]: |.+ o .o . E      |
[   14.379993] cloud-init[965]: |= * =o           |
[   14.380439] cloud-init[965]: |.=.= ..          |
[   14.380870] cloud-init[965]: +----[SHA256]-----+
[   14.381319] cloud-init[965]: Generating public/private ed25519 key pair.
[   14.381887] cloud-init[965]: Your identification has been saved in /etc/ssh/ssh_host_ed25519_key.
[   14.382588] cloud-init[965]: Your public key has been saved in /etc/ssh/ssh_host_ed25519_key.pub.
[   14.383269] cloud-init[965]: The key fingerprint is:
[   14.383705] cloud-init[965]: SHA256:5ss2LYJi9reAmkIhQRrou23/ds+i1KbeDMKSlKg+MuU root@ubuntu-bionic
[   14.385091] cloud-init[965]: The key's randomart image is:
[   14.385481] cloud-init[965]: +--[ED25519 256]--+
[   14.385820] cloud-init[965]: |+.               |
[   14.386193] cloud-init[965]: |+.               |
[   14.386538] cloud-init[965]: |o.               |
[   14.386900] cloud-init[965]: |.o. .            |
[   14.387248] cloud-init[965]: |..oo    S        |
[   14.387566] cloud-init[965]: |.oo.o  o.        |
[   14.387904] cloud-init[965]: |oo+o.+ o.+       |
[   14.388262] cloud-init[965]: |==Eoo.=oX+o      |
[   14.388615] cloud-init[965]: |==oooo=O==oo     |
[   14.388961] cloud-init[965]: +----[SHA256]-----+
[[0;32m  OK  [0m] Started Regular background program processing daemon.
         Starting LSB: Record successful boot for GRUB...
         Starting Accounts Service...
         Starting Pollinate to seed the pseudo random number generator...
         Starting System Logging Service...
         Starting Dispatcher daemon for systemd-networkd...
[[0;32m  OK  [0m] Started Deferred execution scheduler.
         Starting Snap Daemon...
         Starting LSB: automatic crash report generation...
[[0;32m  OK  [0m] Started Permit User Sessions.
[[0;32m  OK  [0m] Started Login Service.
[[0;32m  OK  [0m] Started Unattended Upgrades Shutdown.
         Starting Terminate Plymouth Boot Screen...
         Starting Hold until boot process finishes up...
[[0;32m  OK  [0m] Started Hold until boot process finishes up.
         Starting Set console scheme...
[[0;32m  OK  [0m] Started Serial Getty on ttyS0.
[[0;32m  OK  [0m] Started Terminate Plymouth Boot Screen.
[[0;32m  OK  [0m] Started Set console scheme.
[[0;32m  OK  [0m] Created slice system-getty.slice.
[[0;32m  OK  [0m] Started Getty on tty1.
[[0;32m  OK  [0m] Reached target Login Prompts.
         Starting Authorization Manager...
[[0;32m  OK  [0m] Started System Logging Service.
[[0;32m  OK  [0m] Started Authorization Manager.
[[0;32m  OK  [0m] Started Accounts Service.
[[0;32m  OK  [0m] Started LSB: automatic crash report generation.
[[0;32m  OK  [0m] Started LSB: Record successful boot for GRUB.
[[0;32m  OK  [0m] Started Virtualbox guest utils.
[[0;32m  OK  [0m] Started LXD - container startup/shutdown.
[[0;32m  OK  [0m] Started Dispatcher daemon for systemd-networkd.
[[0;32m  OK  [0m] Started Snap Daemon.
         Starting Wait until snapd is fully seeded...
         Starting Time & Date Service...
[[0;32m  OK  [0m] Started Time & Date Service.
[[0;32m  OK  [0m] Started Pollinate to seed the pseudo random number generator.
         Starting OpenBSD Secure Shell server...
[[0;32m  OK  [0m] Started OpenBSD Secure Shell server.
[[0;32m  OK  [0m] Created slice User Slice of vagrant.
         Starting User Manager for UID 1000...
[[0;32m  OK  [0m] Started Session 1 of user vagrant.
[[0;32m  OK  [0m] Started User Manager for UID 1000.

Ubuntu 18.04.6 LTS ubuntu-bionic ttyS0

ubuntu-bionic login: [   21.271331] cloud-init[1748]: Cloud-init v. 23.1.2-0ubuntu0~18.04.1 running 'modules:config' at Fri, 04 Oct 2024 05:04:42 +0000. Up 20.67 seconds.
ci-info: no authorized SSH keys fingerprints found for user ubuntu.
<14>Oct  4 05:04:43 cloud-init: #############################################################
<14>Oct  4 05:04:43 cloud-init: -----BEGIN SSH HOST KEY FINGERPRINTS-----
<14>Oct  4 05:04:43 cloud-init: 1024 SHA256:JFamQ1qBYOZM4auv6bN/MkooiJ/cA9Ungp/T0ZxDMnE root@ubuntu-bionic (DSA)
<14>Oct  4 05:04:43 cloud-init: 256 SHA256:BleU0CJE9q804SGQZWFAoOaNpci45g3jibdHmWv8ZPU root@ubuntu-bionic (ECDSA)
<14>Oct  4 05:04:43 cloud-init: 256 SHA256:5ss2LYJi9reAmkIhQRrou23/ds+i1KbeDMKSlKg+MuU root@ubuntu-bionic (ED25519)
<14>Oct  4 05:04:43 cloud-init: 2048 SHA256:WIQ2SqF16VNQhERLC54MB7tRzb3P2WVsB7SQ3ULUhBU root@ubuntu-bionic (RSA)
<14>Oct  4 05:04:43 cloud-init: -----END SSH HOST KEY FINGERPRINTS-----
<14>Oct  4 05:04:43 cloud-init: #############################################################
-----BEGIN SSH HOST KEY KEYS-----
ecdsa-sha2-nistp256 AAAAE2VjZHNhLXNoYTItbmlzdHAyNTYAAAAIbmlzdHAyNTYAAABBBB3mBgQvp4MG4NTokiBiKitrOBrOgQ6aMKlh2u8GPEyo1DANDfqOLcSizD7qjkVVfqIo8iS1R7+HiTdYLKL4OKA= root@ubuntu-bionic
ssh-ed25519 AAAAC3NzaC1lZDI1NTE5AAAAICGnCMxXSBEw8X2aTVzVqPbKCch3Pc08+T5la439X825 root@ubuntu-bionic
ssh-rsa AAAAB3NzaC1yc2EAAAADAQABAAABAQCs5S6xyy2QIW6XljPwCEIZs1qhDu9UyhPls9X/T8VjUlQm7As6+s1pWe+kMoDu/HuVAHxH3Yt+q5m1sqpUXzvRpnMvKyzMI/3Dsf57XG/ebTRIGkDvQFL4RjZSbjf2fQhzTeVZ8qL8oYon/CHMLYrjBSnNjAW3NlGvh5F+yFDzoKAs9pRI0qSJqkKRinqsxXtscSVg8/pYKXANZO3If2refeEND6A7FjyEjh2+79caXCEeKnoEDeRfFc0CeocLGTtvGxSYWoRxYZhVTA8paXXwDaqOODqTaEu3v5GYPQh+BVFRIDSMQfhoXrycNELllA1JxUl/oqaDN7LpMrOS865D root@ubuntu-bionic
-----END SSH HOST KEY KEYS-----
[   21.657128] cloud-init[1908]: Cloud-init v. 23.1.2-0ubuntu0~18.04.1 running 'modules:final' at Fri, 04 Oct 2024 05:04:43 +0000. Up 21.53 seconds.
[   21.658073] cloud-init[1908]: Cloud-init v. 23.1.2-0ubuntu0~18.04.1 finished at Fri, 04 Oct 2024 05:04:43 +0000. Datasource DataSourceNoCloud [seed=/dev/sdb][dsmode=net].  Up 21.65 seconds
